# JRE version: Java(TM) SE Runtime Environment (10.0.1+10) (build 10.0.1+10)
# Java VM: Java HotSpot(TM) 64-Bit Server VM (10.0.1+10, mixed mode, tiered, compressed oops, g1 gc, linux-amd64)
Heap:
 garbage-first heap   total 45056K, used 27070K [0x00000000c0000000, 0x0000000100000000)
  region size 1024K, 11 young (11264K), 3 survivors (3072K)
 Metaspace       used 42078K, capacity 43160K, committed 43596K, reserved 1087488K
  class space    used 4602K, capacity 5112K, committed 5196K, reserved 1048576K
GC Heap History (10 events):
Event: 121.416 GC heap before
{Heap before GC invocations=14 (full 2):
 garbage-first heap   total 45056K, used 11263K [0x00000000c0000000, 0x0000000100000000)
  region size 1024K, 1 young (1024K), 0 survivors (0K)
 Metaspace       used 40497K, capacity 41491K, committed 41804K, reserved 1085440K
  class space    used 4431K, capacity 4896K, committed 4940K, reserved 1048576K
}
Event: 121.436 GC heap after
{Heap after GC invocations=15 (full 3):
 garbage-first heap   total 45056K, used 11256K [0x00000000c0000000, 0x0000000100000000)
  region size 1024K, 0 young (0K), 0 survivors (0K)
 Metaspace       used 40497K, capacity 41491K, committed 41804K, reserved 1085440K
  class space    used 4431K, capacity 4896K, committed 4940K, reserved 1048576K
}
Event: 200.096 GC heap before
{Heap before GC invocations=15 (full 3):
 garbage-first heap   total 45056K, used 30712K [0x00000000c0000000, 0x0000000100000000)
  region size 1024K, 19 young (19456K), 0 survivors (0K)
 Metaspace       used 41319K, capacity 42432K, committed 42956K, reserved 1087488K
  class space    used 4517K, capacity 5019K, committed 5068K, reserved 1048576K
}
Event: 200.101 GC heap after
{Heap after GC invocations=16 (full 3):
 garbage-first heap   total 45056K, used 11668K [0x00000000c0000000, 0x0000000100000000)
  region size 1024K, 1 young (1024K), 1 survivors (1024K)
 Metaspace       used 41319K, capacity 42432K, committed 42956K, reserved 1087488K
  class space    used 4517K, capacity 5019K, committed 5068K, reserved 1048576K
}
Event: 201.103 GC heap before
{Heap before GC invocations=17 (full 3):
 garbage-first heap   total 45056K, used 11668K [0x00000000c0000000, 0x0000000100000000)
  region size 1024K, 2 young (2048K), 1 survivors (1024K)
 Metaspace       used 41319K, capacity 42432K, committed 42956K, reserved 1087488K
  class space    used 4517K, capacity 5019K, committed 5068K, reserved 1048576K
}
Event: 201.122 GC heap after
{Heap after GC invocations=18 (full 4):
 garbage-first heap   total 45056K, used 11298K [0x00000000c0000000, 0x0000000100000000)
  region size 1024K, 0 young (0K), 0 survivors (0K)
 Metaspace       used 41319K, capacity 42432K, committed 42956K, reserved 1087488K
  class space    used 4517K, capacity 5019K, committed 5068K, reserved 1048576K
}
Event: 224.522 GC heap before
{Heap before GC invocations=18 (full 4):
 garbage-first heap   total 45056K, used 30754K [0x00000000c0000000, 0x0000000100000000)
  region size 1024K, 19 young (19456K), 0 survivors (0K)
 Metaspace       used 41887K, capacity 42982K, committed 43596K, reserved 1087488K
  class space    used 4582K, capacity 5074K, committed 5196K, reserved 1048576K
}
Event: 224.524 GC heap after
{Heap after GC invocations=19 (full 4):
 garbage-first heap   total 45056K, used 12467K [0x00000000c0000000, 0x0000000100000000)
  region size 1024K, 2 young (2048K), 2 survivors (2048K)
 Metaspace       used 41887K, capacity 42982K, committed 43596K, reserved 1087488K
  class space    used 4582K, capacity 5074K, committed 5196K, reserved 1048576K
}
Event: 224.551 GC heap before
{Heap before GC invocations=20 (full 4):
 garbage-first heap   total 45056K, used 20659K [0x00000000c0000000, 0x0000000100000000)
  region size 1024K, 11 young (11264K), 2 survivors (2048K)
 Metaspace       used 41889K, capacity 42982K, committed 43596K, reserved 1087488K
  class space    used 4582K, capacity 5074K, committed 5196K, reserved 1048576K
}
Event: 224.558 GC heap after
{Heap after GC invocations=21 (full 4):
 garbage-first heap   total 45056K, used 18878K [0x00000000c0000000, 0x0000000100000000)
  region size 1024K, 3 young (3072K), 3 survivors (3072K)
 Metaspace       used 41889K, capacity 42982K, committed 43596K, reserved 1087488K
  class space    used 4582K, capacity 5074K, committed 5196K, reserved 1048576K
}

